<?xml version="1.0" encoding="UTF-8"?>
<!-- Generated by org.testng.reporters.JUnitReportReporter -->
<testsuite hostname="Deepthi" failures="0" tests="2" name="testrunner.CoreProductCucumberTest" time="61.908" errors="0" timestamp="2024-06-16T19:15:38 IST" skipped="0">
  <testcase classname="testrunner.CoreProductCucumberTest" name="runScenario" time="15.949"/>
  <testcase classname="testrunner.CoreProductCucumberTest" name="runScenario" time="45.959"/>
</testsuite> <!-- testrunner.CoreProductCucumberTest -->
