<?xml version="1.0" encoding="UTF-8"?>
<!-- Generated by org.testng.reporters.JUnitReportReporter -->
<testsuite hostname="Deepthi" failures="0" tests="1" name="testrunner.DP2CucumberTest" time="10.851" errors="0" timestamp="2024-06-16T06:50:25 IST" skipped="0">
  <testcase classname="testrunner.DP2CucumberTest" name="runScenario" time="10.851"/>
</testsuite> <!-- testrunner.DP2CucumberTest -->
